<?xml version="1.0" encoding="UTF-8"?>
<testsuite name="MinesweeperTest" tests="1" skipped="0" failures="0" errors="0" timestamp="2024-01-29T04:57:06" hostname="DESKTOP-J02DT49" time="0.07">
  <properties/>
  <testcase name="start" classname="MinesweeperTest" time="0.07"/>
  <system-out><![CDATA[?[1;31m
Start test 1?[0m
x........
.....x...
........x
......x..
....x....
.x.......
........x
.x.......
....x....
]]></system-out>
  <system-err><![CDATA[]]></system-err>
</testsuite>
